2020-06-17 21:15:58.870  INFO 15056 --- [restartedMain] c.a.p.a.a.PhotoAppApiAlbumsApplication   : No active profile set, falling back to default profiles: default
2020-06-17 21:16:00.778  WARN 15056 --- [restartedMain] o.s.boot.actuate.endpoint.EndpointId     : Endpoint ID 'service-registry' contains invalid characters, please migrate to a valid format.
2020-06-17 21:16:01.224  INFO 15056 --- [restartedMain] o.s.cloud.context.scope.GenericScope     : BeanFactory id=d1056006-63f8-32c9-b77e-ee0db89ff62b
2020-06-17 21:16:01.426  INFO 15056 --- [restartedMain] trationDelegate$BeanPostProcessorChecker : Bean 'org.springframework.cloud.autoconfigure.ConfigurationPropertiesRebinderAutoConfiguration' of type [org.springframework.cloud.autoconfigure.ConfigurationPropertiesRebinderAutoConfiguration$$EnhancerBySpringCGLIB$$1b23b11c] is not eligible for getting processed by all BeanPostProcessors (for example: not eligible for auto-proxying)
2020-06-17 21:16:02.767  INFO 15056 --- [restartedMain] o.s.b.w.embedded.tomcat.TomcatWebServer  : Tomcat initialized with port(s): 0 (http)
2020-06-17 21:16:02.812  INFO 15056 --- [restartedMain] o.apache.catalina.core.StandardService   : Starting service [Tomcat]
2020-06-17 21:16:02.813  INFO 15056 --- [restartedMain] org.apache.catalina.core.StandardEngine  : Starting Servlet engine: [Apache Tomcat/9.0.14]
2020-06-17 21:16:02.832  INFO 15056 --- [restartedMain] o.a.catalina.core.AprLifecycleListener   : The APR based Apache Tomcat Native library which allows optimal performance in production environments was not found on the java.library.path: [C:\Program Files\Java\jdk1.8.0_131\bin;C:\WINDOWS\Sun\Java\bin;C:\WINDOWS\system32;C:\WINDOWS;C:\Python38\Scripts\;C:\Python38\;C:\Program Files (x86)\Common Files\Oracle\Java\javapath;C:\Program Files\avs\bin;C:\WINDOWS\system32;C:\WINDOWS;C:\WINDOWS\System32\Wbem;C:\WINDOWS\System32\WindowsPowerShell\v1.0\;C:\Users\m.lewes.EGYPTIANBANKS\.dnx\bin;C:\Program Files\Microsoft DNX\Dnvm\;C:\Program Files\Microsoft SQL Server\120\Tools\Binn\;C:\Program Files\Microsoft SQL Server\130\Tools\Binn\;C:\Program Files\Microsoft SQL Server\110\DTS\Binn\;C:\Program Files (x86)\Microsoft SQL Server\110\Tools\Binn\;C:\Program Files\Microsoft SQL Server\110\Tools\Binn\;C:\Program Files (x86)\Microsoft SQL Server\110\Tools\Binn\ManagementStudio\;C:\Program Files (x86)\Microsoft Visual Studio 10.0\Common7\IDE\PrivateAssemblies\;C:\Program Files (x86)\Microsoft SQL Server\110\DTS\Binn\;C:\Program Files\dotnet\;C:\Program Files\Microsoft SQL Server\Client SDK\ODBC\170\Tools\Binn\;C:\Program Files (x86)\dotnet\;C:\Program Files\Git\cmd;C:\Program Files (x86)\Microsoft SQL Server\150\DTS\Binn\;C:\Program Files\PostgreSQL\12\bin;C:\Program Files\PostgreSQL\12\lib;C:\ProgramData\chocolatey\bin;C:\Program Files\Java\jdk-11.0.6;C:\Program Files\Java\jdk1.8.0_131;C:\Program Files\nodejs\;C:\Program Files (x86)\apache-maven\apache-maven-3.6.3\bin;C:\Program Files\Java\jdk1.8.0_131\bin;C:\Program Files\MySQL\MySQL Shell 8.0\bin\;C:\Users\m.lewes.EGYPTIANBANKS\AppData\Local\Microsoft\WindowsApps;C:\Users\m.lewes.EGYPTIANBANKS\AppData\Local\Programs\Microsoft VS Code\bin;C:\Users\m.lewes.EGYPTIANBANKS\AppData\Local\GitHubDesktop\bin;C:\Program Files\nodejs\node_modules;C:\Users\m.lewes.EGYPTIANBANKS\AppData\Roaming\npm;C:\Program Files (x86)\apache-maven\apache-maven-3.6.3\bin;C:\Program Files\Java\jdk1.8.0_131;C:\Windows\System32;.]
2020-06-17 21:16:03.224  INFO 15056 --- [restartedMain] o.a.c.c.C.[Tomcat].[localhost].[/]       : Initializing Spring embedded WebApplicationContext
2020-06-17 21:16:03.225  INFO 15056 --- [restartedMain] o.s.web.context.ContextLoader            : Root WebApplicationContext: initialization completed in 4302 ms
2020-06-17 21:16:03.446  WARN 15056 --- [restartedMain] c.n.c.sources.URLConfigurationSource     : No URLs will be polled as dynamic configuration sources.
2020-06-17 21:16:03.447  INFO 15056 --- [restartedMain] c.n.c.sources.URLConfigurationSource     : To enable URLs as dynamic configuration sources, define System property archaius.configurationSource.additionalUrls or make config.properties available on classpath.
2020-06-17 21:16:03.477  INFO 15056 --- [restartedMain] c.netflix.config.DynamicPropertyFactory  : DynamicPropertyFactory is initialized with configuration sources: com.netflix.config.ConcurrentCompositeConfiguration@cfe5d43
2020-06-17 21:16:06.642  WARN 15056 --- [restartedMain] c.n.c.sources.URLConfigurationSource     : No URLs will be polled as dynamic configuration sources.
2020-06-17 21:16:06.643  INFO 15056 --- [restartedMain] c.n.c.sources.URLConfigurationSource     : To enable URLs as dynamic configuration sources, define System property archaius.configurationSource.additionalUrls or make config.properties available on classpath.
2020-06-17 21:16:07.144  INFO 15056 --- [restartedMain] o.s.s.concurrent.ThreadPoolTaskExecutor  : Initializing ExecutorService 'applicationTaskExecutor'
2020-06-17 21:16:07.891  WARN 15056 --- [restartedMain] o.s.b.d.a.OptionalLiveReloadServer       : Unable to start LiveReload server
2020-06-17 21:16:08.993  INFO 15056 --- [restartedMain] o.s.b.a.e.web.EndpointLinksResolver      : Exposing 2 endpoint(s) beneath base path '/actuator'
2020-06-17 21:16:09.210  INFO 15056 --- [restartedMain] o.s.b.w.embedded.tomcat.TomcatWebServer  : Tomcat started on port(s): 19557 (http) with context path ''
2020-06-17 21:16:09.212  INFO 15056 --- [restartedMain] .s.c.n.e.s.EurekaAutoServiceRegistration : Updating port to 19557
2020-06-17 21:16:09.221  INFO 15056 --- [restartedMain] o.s.c.n.eureka.InstanceInfoFactory       : Setting initial instance status as: STARTING
2020-06-17 21:16:09.299  INFO 15056 --- [restartedMain] com.netflix.discovery.DiscoveryClient    : Initializing Eureka in region us-east-1
2020-06-17 21:16:10.372  INFO 15056 --- [restartedMain] c.n.d.provider.DiscoveryJerseyProvider   : Using JSON encoding codec LegacyJacksonJson
2020-06-17 21:16:10.373  INFO 15056 --- [restartedMain] c.n.d.provider.DiscoveryJerseyProvider   : Using JSON decoding codec LegacyJacksonJson
2020-06-17 21:16:10.652  INFO 15056 --- [restartedMain] c.n.d.provider.DiscoveryJerseyProvider   : Using XML encoding codec XStreamXml
2020-06-17 21:16:10.652  INFO 15056 --- [restartedMain] c.n.d.provider.DiscoveryJerseyProvider   : Using XML decoding codec XStreamXml
2020-06-17 21:16:10.986  INFO 15056 --- [restartedMain] c.n.d.s.r.aws.ConfigClusterResolver      : Resolving eureka endpoints via configuration
2020-06-17 21:16:11.374  INFO 15056 --- [restartedMain] com.netflix.discovery.DiscoveryClient    : Disable delta property : false
2020-06-17 21:16:11.374  INFO 15056 --- [restartedMain] com.netflix.discovery.DiscoveryClient    : Single vip registry refresh property : null
2020-06-17 21:16:11.374  INFO 15056 --- [restartedMain] com.netflix.discovery.DiscoveryClient    : Force full registry fetch : false
2020-06-17 21:16:11.374  INFO 15056 --- [restartedMain] com.netflix.discovery.DiscoveryClient    : Application is null : false
2020-06-17 21:16:11.374  INFO 15056 --- [restartedMain] com.netflix.discovery.DiscoveryClient    : Registered Applications size is zero : true
2020-06-17 21:16:11.374  INFO 15056 --- [restartedMain] com.netflix.discovery.DiscoveryClient    : Application version is -1: true
2020-06-17 21:16:11.375  INFO 15056 --- [restartedMain] com.netflix.discovery.DiscoveryClient    : Getting all instance registry info from the eureka server
2020-06-17 21:16:11.803  INFO 15056 --- [restartedMain] com.netflix.discovery.DiscoveryClient    : The response status is 200
2020-06-17 21:16:11.809  INFO 15056 --- [restartedMain] com.netflix.discovery.DiscoveryClient    : Starting heartbeat executor: renew interval is: 30
2020-06-17 21:16:11.814  INFO 15056 --- [restartedMain] c.n.discovery.InstanceInfoReplicator     : InstanceInfoReplicator onDemand update allowed rate per min is 4
2020-06-17 21:16:11.821  INFO 15056 --- [restartedMain] com.netflix.discovery.DiscoveryClient    : Discovery Client initialized at timestamp 1592421371819 with initial instances count: 1
2020-06-17 21:16:11.823  INFO 15056 --- [restartedMain] o.s.c.n.e.s.EurekaServiceRegistry        : Registering application ALBUMS-WS with eureka with status UP
2020-06-17 21:16:11.824  INFO 15056 --- [restartedMain] com.netflix.discovery.DiscoveryClient    : Saw local status change event StatusChangeEvent [timestamp=1592421371824, current=UP, previous=STARTING]
2020-06-17 21:16:11.828  INFO 15056 --- [DiscoveryClient-InstanceInfoReplicator-0] com.netflix.discovery.DiscoveryClient    : DiscoveryClient_ALBUMS-WS/albums-ws:cb0b686f1b2979676769a19026dea8eb: registering service...
2020-06-17 21:16:11.831  INFO 15056 --- [restartedMain] c.a.p.a.a.PhotoAppApiAlbumsApplication   : Started PhotoAppApiAlbumsApplication in 18.114 seconds (JVM running for 20.842)
2020-06-17 21:16:12.277  INFO 15056 --- [RMI TCP Connection(2)-192.168.133.1] o.a.c.c.C.[Tomcat].[localhost].[/]       : Initializing Spring DispatcherServlet 'dispatcherServlet'
2020-06-17 21:16:12.277  INFO 15056 --- [RMI TCP Connection(2)-192.168.133.1] o.s.web.servlet.DispatcherServlet        : Initializing Servlet 'dispatcherServlet'
2020-06-17 21:16:12.290  INFO 15056 --- [RMI TCP Connection(2)-192.168.133.1] o.s.web.servlet.DispatcherServlet        : Completed initialization in 12 ms
2020-06-17 21:16:17.467  INFO 15056 --- [DiscoveryClient-InstanceInfoReplicator-0] com.netflix.discovery.DiscoveryClient    : DiscoveryClient_ALBUMS-WS/albums-ws:cb0b686f1b2979676769a19026dea8eb - registration status: 204
2020-06-17 21:21:11.380  INFO 15056 --- [AsyncResolver-bootstrap-executor-0] c.n.d.s.r.aws.ConfigClusterResolver      : Resolving eureka endpoints via configuration
2020-06-17 21:26:11.383  INFO 15056 --- [AsyncResolver-bootstrap-executor-0] c.n.d.s.r.aws.ConfigClusterResolver      : Resolving eureka endpoints via configuration
2020-06-17 21:31:11.385  INFO 15056 --- [AsyncResolver-bootstrap-executor-0] c.n.d.s.r.aws.ConfigClusterResolver      : Resolving eureka endpoints via configuration
2020-06-17 21:36:11.386  INFO 15056 --- [AsyncResolver-bootstrap-executor-0] c.n.d.s.r.aws.ConfigClusterResolver      : Resolving eureka endpoints via configuration
2020-06-17 21:41:11.386  INFO 15056 --- [AsyncResolver-bootstrap-executor-0] c.n.d.s.r.aws.ConfigClusterResolver      : Resolving eureka endpoints via configuration
2020-06-17 21:46:11.388  INFO 15056 --- [AsyncResolver-bootstrap-executor-0] c.n.d.s.r.aws.ConfigClusterResolver      : Resolving eureka endpoints via configuration
