2020-06-17 21:15:48.062  INFO 19284 --- [main] c.c.s.SpringcloudconfigserverApplication : The following profiles are active: native
2020-06-17 21:15:51.182  WARN 19284 --- [main] o.s.boot.actuate.endpoint.EndpointId     : Endpoint ID 'bus-env' contains invalid characters, please migrate to a valid format.
2020-06-17 21:15:51.611  WARN 19284 --- [main] o.s.boot.actuate.endpoint.EndpointId     : Endpoint ID 'bus-refresh' contains invalid characters, please migrate to a valid format.
2020-06-17 21:15:52.163  INFO 19284 --- [main] o.s.cloud.context.scope.GenericScope     : BeanFactory id=09a92763-e1e9-31d5-bbc1-44f553841263
2020-06-17 21:15:52.353  INFO 19284 --- [main] faultConfiguringBeanFactoryPostProcessor : No bean named 'errorChannel' has been explicitly defined. Therefore, a default PublishSubscribeChannel will be created.
2020-06-17 21:15:52.367  INFO 19284 --- [main] faultConfiguringBeanFactoryPostProcessor : No bean named 'taskScheduler' has been explicitly defined. Therefore, a default ThreadPoolTaskScheduler will be created.
2020-06-17 21:15:52.377  INFO 19284 --- [main] faultConfiguringBeanFactoryPostProcessor : No bean named 'integrationHeaderChannelRegistry' has been explicitly defined. Therefore, a default DefaultHeaderChannelRegistry will be created.
2020-06-17 21:15:52.457  INFO 19284 --- [main] trationDelegate$BeanPostProcessorChecker : Bean 'integrationChannelResolver' of type [org.springframework.integration.support.channel.BeanFactoryChannelResolver] is not eligible for getting processed by all BeanPostProcessors (for example: not eligible for auto-proxying)
2020-06-17 21:15:52.463  INFO 19284 --- [main] trationDelegate$BeanPostProcessorChecker : Bean 'integrationDisposableAutoCreatedBeans' of type [org.springframework.integration.config.annotation.Disposables] is not eligible for getting processed by all BeanPostProcessors (for example: not eligible for auto-proxying)
2020-06-17 21:15:52.497  INFO 19284 --- [main] trationDelegate$BeanPostProcessorChecker : Bean 'org.springframework.integration.config.IntegrationManagementConfiguration' of type [org.springframework.integration.config.IntegrationManagementConfiguration] is not eligible for getting processed by all BeanPostProcessors (for example: not eligible for auto-proxying)
2020-06-17 21:15:52.504  INFO 19284 --- [main] trationDelegate$BeanPostProcessorChecker : Bean 'org.springframework.boot.autoconfigure.integration.IntegrationAutoConfiguration$IntegrationJmxConfiguration' of type [org.springframework.boot.autoconfigure.integration.IntegrationAutoConfiguration$IntegrationJmxConfiguration] is not eligible for getting processed by all BeanPostProcessors (for example: not eligible for auto-proxying)
2020-06-17 21:15:52.519  INFO 19284 --- [main] trationDelegate$BeanPostProcessorChecker : Bean 'org.springframework.boot.autoconfigure.jmx.JmxAutoConfiguration' of type [org.springframework.boot.autoconfigure.jmx.JmxAutoConfiguration] is not eligible for getting processed by all BeanPostProcessors (for example: not eligible for auto-proxying)
2020-06-17 21:15:52.527  INFO 19284 --- [main] trationDelegate$BeanPostProcessorChecker : Bean 'mbeanServer' of type [com.sun.jmx.mbeanserver.JmxMBeanServer] is not eligible for getting processed by all BeanPostProcessors (for example: not eligible for auto-proxying)
2020-06-17 21:15:53.212  INFO 19284 --- [main] o.s.b.w.embedded.tomcat.TomcatWebServer  : Tomcat initialized with port(s): 8012 (http)
2020-06-17 21:15:53.269  INFO 19284 --- [main] o.apache.catalina.core.StandardService   : Starting service [Tomcat]
2020-06-17 21:15:53.269  INFO 19284 --- [main] org.apache.catalina.core.StandardEngine  : Starting Servlet engine: [Apache Tomcat/9.0.35]
2020-06-17 21:15:53.651  INFO 19284 --- [main] o.a.c.c.C.[Tomcat].[localhost].[/]       : Initializing Spring embedded WebApplicationContext
2020-06-17 21:15:53.651  INFO 19284 --- [main] o.s.web.context.ContextLoader            : Root WebApplicationContext: initialization completed in 5529 ms
2020-06-17 21:16:00.534  INFO 19284 --- [main] o.s.s.concurrent.ThreadPoolTaskExecutor  : Initializing ExecutorService 'applicationTaskExecutor'
2020-06-17 21:16:01.956  INFO 19284 --- [main] onConfiguration$FunctionBindingRegistrar : Functional binding is disabled due to the presense of @EnableBinding annotation in your configuration
2020-06-17 21:16:02.012  INFO 19284 --- [main] o.s.s.c.ThreadPoolTaskScheduler          : Initializing ExecutorService 'taskScheduler'
2020-06-17 21:16:04.787  INFO 19284 --- [main] o.s.b.a.e.web.EndpointLinksResolver      : Exposing 1 endpoint(s) beneath base path '/actuator'
2020-06-17 21:16:04.948  INFO 19284 --- [main] o.s.c.s.m.DirectWithAttributesChannel    : Channel 'application-1.springCloudBusInput' has 1 subscriber(s).
2020-06-17 21:16:05.179  INFO 19284 --- [main] o.s.i.monitor.IntegrationMBeanExporter   : Registering MessageChannel nullChannel
2020-06-17 21:16:05.250  INFO 19284 --- [main] o.s.i.monitor.IntegrationMBeanExporter   : Registering MessageChannel springCloudBusInput
2020-06-17 21:16:05.445  INFO 19284 --- [main] o.s.i.monitor.IntegrationMBeanExporter   : Registering MessageChannel springCloudBusOutput
2020-06-17 21:16:05.475  INFO 19284 --- [main] o.s.i.monitor.IntegrationMBeanExporter   : Registering MessageChannel errorChannel
2020-06-17 21:16:05.571  INFO 19284 --- [main] o.s.i.monitor.IntegrationMBeanExporter   : Registering MessageHandler org.springframework.cloud.stream.binding.StreamListenerMessageHandler@30fa8a6b
2020-06-17 21:16:05.791  INFO 19284 --- [main] o.s.i.monitor.IntegrationMBeanExporter   : Registering MessageHandler errorLogger
2020-06-17 21:16:05.930  INFO 19284 --- [main] o.s.i.endpoint.EventDrivenConsumer       : Adding {logging-channel-adapter:_org.springframework.integration.errorLogger} as a subscriber to the 'errorChannel' channel
2020-06-17 21:16:05.933  INFO 19284 --- [main] o.s.i.channel.PublishSubscribeChannel    : Channel 'application-1.errorChannel' has 1 subscriber(s).
2020-06-17 21:16:05.934  INFO 19284 --- [main] o.s.i.endpoint.EventDrivenConsumer       : started bean '_org.springframework.integration.errorLogger'
2020-06-17 21:16:07.468  INFO 19284 --- [main] o.s.a.r.c.CachingConnectionFactory       : Attempting to connect to: [localhost:5672]
2020-06-17 21:16:07.566  INFO 19284 --- [main] o.s.a.r.c.CachingConnectionFactory       : Created new connection: rabbitConnectionFactory#6b832551:0/SimpleConnection@45b8bbbf [delegate=amqp://guest@127.0.0.1:5672/, localPort= 19549]
2020-06-17 21:16:07.649  INFO 19284 --- [main] o.s.c.s.m.DirectWithAttributesChannel    : Channel 'application-1.springCloudBusOutput' has 1 subscriber(s).
2020-06-17 21:16:07.910  INFO 19284 --- [main] c.s.b.r.p.RabbitExchangeQueueProvisioner : declaring queue for inbound: springCloudBus.anonymous.yJ1ot4e7TFGQzOLjmiV7zw, bound to: springCloudBus
2020-06-17 21:16:07.983  INFO 19284 --- [main] o.s.c.stream.binder.BinderErrorChannel   : Channel 'springCloudBus.anonymous.yJ1ot4e7TFGQzOLjmiV7zw.errors' has 1 subscriber(s).
2020-06-17 21:16:07.984  INFO 19284 --- [main] o.s.c.stream.binder.BinderErrorChannel   : Channel 'springCloudBus.anonymous.yJ1ot4e7TFGQzOLjmiV7zw.errors' has 2 subscriber(s).
2020-06-17 21:16:08.033  INFO 19284 --- [main] o.s.i.a.i.AmqpInboundChannelAdapter      : started bean 'inbound.springCloudBus.anonymous.yJ1ot4e7TFGQzOLjmiV7zw'
2020-06-17 21:16:08.103  INFO 19284 --- [main] o.s.b.w.embedded.tomcat.TomcatWebServer  : Tomcat started on port(s): 8012 (http) with context path ''
2020-06-17 21:16:08.815  INFO 19284 --- [main] o.s.i.monitor.IntegrationMBeanExporter   : Registering MessageChannel springCloudBus.anonymous.yJ1ot4e7TFGQzOLjmiV7zw.errors
2020-06-17 21:16:08.994  INFO 19284 --- [main] c.c.s.SpringcloudconfigserverApplication : Started SpringcloudconfigserverApplication in 25.679 seconds (JVM running for 28.273)
2020-06-17 21:16:09.562  INFO 19284 --- [RMI TCP Connection(10)-192.168.133.1] o.a.c.c.C.[Tomcat].[localhost].[/]       : Initializing Spring DispatcherServlet 'dispatcherServlet'
2020-06-17 21:16:09.563  INFO 19284 --- [RMI TCP Connection(10)-192.168.133.1] o.s.web.servlet.DispatcherServlet        : Initializing Servlet 'dispatcherServlet'
2020-06-17 21:16:09.575  INFO 19284 --- [RMI TCP Connection(10)-192.168.133.1] o.s.web.servlet.DispatcherServlet        : Completed initialization in 12 ms
